# JRE version: OpenJDK Runtime Environment (11.0.13) (build 11.0.13+0-b1751.21-8125866)
# Java VM: OpenJDK 64-Bit Server VM (11.0.13+0-b1751.21-8125866, mixed mode, tiered, compressed oops, g1 gc, windows-amd64)
Heap:
 garbage-first heap   total 273408K, used 75149K [0x0000000080000000, 0x0000000100000000)
  region size 1024K, 9 young (9216K), 9 survivors (9216K)
 Metaspace       used 44208K, capacity 45291K, committed 45360K, reserved 1089536K
  class space    used 5596K, capacity 5997K, committed 6016K, reserved 1048576K
GC Heap History (20 events):
Event: 13.708 GC heap after
{Heap after GC invocations=28 (full 0):
 garbage-first heap   total 157696K, used 67624K [0x0000000080000000, 0x0000000100000000)
  region size 1024K, 3 young (3072K), 3 survivors (3072K)
 Metaspace       used 44143K, capacity 45227K, committed 45360K, reserved 1089536K
  class space    used 5587K, capacity 5997K, committed 6016K, reserved 1048576K
}
Event: 13.871 GC heap before
{Heap before GC invocations=28 (full 0):
 garbage-first heap   total 157696K, used 120872K [0x0000000080000000, 0x0000000100000000)
  region size 1024K, 55 young (56320K), 3 survivors (3072K)
 Metaspace       used 44143K, capacity 45227K, committed 45360K, reserved 1089536K
  class space    used 5587K, capacity 5997K, committed 6016K, reserved 1048576K
}
Event: 13.876 GC heap after
{Heap after GC invocations=29 (full 0):
 garbage-first heap   total 157696K, used 68276K [0x0000000080000000, 0x0000000100000000)
  region size 1024K, 4 young (4096K), 4 survivors (4096K)
 Metaspace       used 44143K, capacity 45227K, committed 45360K, reserved 1089536K
  class space    used 5587K, capacity 5997K, committed 6016K, reserved 1048576K
}
Event: 14.065 GC heap before
{Heap before GC invocations=29 (full 0):
 garbage-first heap   total 157696K, used 122548K [0x0000000080000000, 0x0000000100000000)
  region size 1024K, 57 young (58368K), 4 survivors (4096K)
 Metaspace       used 44147K, capacity 45227K, committed 45360K, reserved 1089536K
  class space    used 5587K, capacity 5997K, committed 6016K, reserved 1048576K
}
Event: 14.072 GC heap after
{Heap after GC invocations=30 (full 0):
 garbage-first heap   total 189440K, used 68702K [0x0000000080000000, 0x0000000100000000)
  region size 1024K, 4 young (4096K), 4 survivors (4096K)
 Metaspace       used 44147K, capacity 45227K, committed 45360K, reserved 1089536K
  class space    used 5587K, capacity 5997K, committed 6016K, reserved 1048576K
}
Event: 14.616 GC heap before
{Heap before GC invocations=30 (full 0):
 garbage-first heap   total 189440K, used 137310K [0x0000000080000000, 0x0000000100000000)
  region size 1024K, 71 young (72704K), 4 survivors (4096K)
 Metaspace       used 44147K, capacity 45227K, committed 45360K, reserved 1089536K
  class space    used 5587K, capacity 5997K, committed 6016K, reserved 1048576K
}
Event: 14.620 GC heap after
{Heap after GC invocations=31 (full 0):
 garbage-first heap   total 189440K, used 69307K [0x0000000080000000, 0x0000000100000000)
  region size 1024K, 5 young (5120K), 5 survivors (5120K)
 Metaspace       used 44147K, capacity 45227K, committed 45360K, reserved 1089536K
  class space    used 5587K, capacity 5997K, committed 6016K, reserved 1048576K
}
Event: 14.857 GC heap before
{Heap before GC invocations=31 (full 0):
 garbage-first heap   total 189440K, used 139963K [0x0000000080000000, 0x0000000100000000)
  region size 1024K, 74 young (75776K), 5 survivors (5120K)
 Metaspace       used 44192K, capacity 45227K, committed 45360K, reserved 1089536K
  class space    used 5596K, capacity 5997K, committed 6016K, reserved 1048576K
}
Event: 14.862 GC heap after
{Heap after GC invocations=32 (full 0):
 garbage-first heap   total 189440K, used 69583K [0x0000000080000000, 0x0000000100000000)
  region size 1024K, 5 young (5120K), 5 survivors (5120K)
 Metaspace       used 44192K, capacity 45227K, committed 45360K, reserved 1089536K
  class space    used 5596K, capacity 5997K, committed 6016K, reserved 1048576K
}
Event: 15.131 GC heap before
{Heap before GC invocations=32 (full 0):
 garbage-first heap   total 189440K, used 142287K [0x0000000080000000, 0x0000000100000000)
  region size 1024K, 76 young (77824K), 5 survivors (5120K)
 Metaspace       used 44198K, capacity 45227K, committed 45360K, reserved 1089536K
  class space    used 5596K, capacity 5997K, committed 6016K, reserved 1048576K
}
Event: 15.136 GC heap after
{Heap after GC invocations=33 (full 0):
 garbage-first heap   total 189440K, used 70461K [0x0000000080000000, 0x0000000100000000)
  region size 1024K, 6 young (6144K), 6 survivors (6144K)
 Metaspace       used 44198K, capacity 45227K, committed 45360K, reserved 1089536K
  class space    used 5596K, capacity 5997K, committed 6016K, reserved 1048576K
}
Event: 15.528 GC heap before
{Heap before GC invocations=33 (full 0):
 garbage-first heap   total 189440K, used 146237K [0x0000000080000000, 0x0000000100000000)
  region size 1024K, 79 young (80896K), 6 survivors (6144K)
 Metaspace       used 44198K, capacity 45227K, committed 45360K, reserved 1089536K
  class space    used 5596K, capacity 5997K, committed 6016K, reserved 1048576K
}
Event: 15.538 GC heap after
{Heap after GC invocations=34 (full 0):
 garbage-first heap   total 227328K, used 71061K [0x0000000080000000, 0x0000000100000000)
  region size 1024K, 6 young (6144K), 6 survivors (6144K)
 Metaspace       used 44198K, capacity 45227K, committed 45360K, reserved 1089536K
  class space    used 5596K, capacity 5997K, committed 6016K, reserved 1048576K
}
Event: 16.029 GC heap before
{Heap before GC invocations=34 (full 0):
 garbage-first heap   total 227328K, used 163221K [0x0000000080000000, 0x0000000100000000)
  region size 1024K, 97 young (99328K), 6 survivors (6144K)
 Metaspace       used 44207K, capacity 45291K, committed 45360K, reserved 1089536K
  class space    used 5596K, capacity 5997K, committed 6016K, reserved 1048576K
}
Event: 16.039 GC heap after
{Heap after GC invocations=35 (full 0):
 garbage-first heap   total 227328K, used 72381K [0x0000000080000000, 0x0000000100000000)
  region size 1024K, 8 young (8192K), 8 survivors (8192K)
 Metaspace       used 44207K, capacity 45291K, committed 45360K, reserved 1089536K
  class space    used 5596K, capacity 5997K, committed 6016K, reserved 1048576K
}
Event: 16.395 GC heap before
{Heap before GC invocations=35 (full 0):
 garbage-first heap   total 227328K, used 169661K [0x0000000080000000, 0x0000000100000000)
  region size 1024K, 105 young (107520K), 8 survivors (8192K)
 Metaspace       used 44208K, capacity 45291K, committed 45360K, reserved 1089536K
  class space    used 5596K, capacity 5997K, committed 6016K, reserved 1048576K
}
Event: 16.402 GC heap after
{Heap after GC invocations=36 (full 0):
 garbage-first heap   total 227328K, used 73632K [0x0000000080000000, 0x0000000100000000)
  region size 1024K, 8 young (8192K), 8 survivors (8192K)
 Metaspace       used 44208K, capacity 45291K, committed 45360K, reserved 1089536K
  class space    used 5596K, capacity 5997K, committed 6016K, reserved 1048576K
}
Event: 16.940 GC heap before
{Heap before GC invocations=36 (full 0):
 garbage-first heap   total 227328K, used 185248K [0x0000000080000000, 0x0000000100000000)
  region size 1024K, 116 young (118784K), 8 survivors (8192K)
 Metaspace       used 44208K, capacity 45291K, committed 45360K, reserved 1089536K
  class space    used 5596K, capacity 5997K, committed 6016K, reserved 1048576K
}
Event: 16.949 GC heap after
{Heap after GC invocations=37 (full 0):
 garbage-first heap   total 227328K, used 74007K [0x0000000080000000, 0x0000000100000000)
  region size 1024K, 9 young (9216K), 9 survivors (9216K)
 Metaspace       used 44208K, capacity 45291K, committed 45360K, reserved 1089536K
  class space    used 5596K, capacity 5997K, committed 6016K, reserved 1048576K
}
Event: 17.514 GC heap before
{Heap before GC invocations=37 (full 0):
 garbage-first heap   total 227328K, used 185623K [0x0000000080000000, 0x0000000100000000)
  region size 1024K, 118 young (120832K), 9 survivors (9216K)
 Metaspace       used 44208K, capacity 45291K, committed 45360K, reserved 1089536K
  class space    used 5596K, capacity 5997K, committed 6016K, reserved 1048576K
}

