# JRE version: OpenJDK Runtime Environment 18.9 (11.0.16+8) (build 11.0.16+8)
# Java VM: OpenJDK 64-Bit Server VM 18.9 (11.0.16+8, mixed mode, tiered, compressed oops, g1 gc, windows-amd64)
Heap:
 garbage-first heap   total 131072K, used 40405K [0x0000000080000000, 0x0000000100000000)
  region size 1024K, 25 young (25600K), 3 survivors (3072K)
 Metaspace       used 27577K, capacity 28262K, committed 28336K, reserved 1073152K
  class space    used 3557K, capacity 3812K, committed 3840K, reserved 1048576K
GC Heap History (10 events):
Event: 0.999 GC heap before
{Heap before GC invocations=0 (full 0):
 garbage-first heap   total 131072K, used 16384K [0x0000000080000000, 0x0000000100000000)
  region size 1024K, 14 young (14336K), 0 survivors (0K)
 Metaspace       used 6798K, capacity 6985K, committed 7168K, reserved 1056768K
  class space    used 573K, capacity 650K, committed 768K, reserved 1048576K
}
Event: 1.012 GC heap after
{Heap after GC invocations=1 (full 0):
 garbage-first heap   total 131072K, used 3908K [0x0000000080000000, 0x0000000100000000)
  region size 1024K, 2 young (2048K), 2 survivors (2048K)
 Metaspace       used 6798K, capacity 6985K, committed 7168K, reserved 1056768K
  class space    used 573K, capacity 650K, committed 768K, reserved 1048576K
}
Event: 5.532 GC heap before
{Heap before GC invocations=1 (full 0):
 garbage-first heap   total 131072K, used 82756K [0x0000000080000000, 0x0000000100000000)
  region size 1024K, 76 young (77824K), 2 survivors (2048K)
 Metaspace       used 17294K, capacity 17653K, committed 17792K, reserved 1064960K
  class space    used 1976K, capacity 2103K, committed 2176K, reserved 1048576K
}
Event: 5.551 GC heap after
{Heap after GC invocations=2 (full 0):
 garbage-first heap   total 131072K, used 16287K [0x0000000080000000, 0x0000000100000000)
  region size 1024K, 10 young (10240K), 10 survivors (10240K)
 Metaspace       used 17294K, capacity 17653K, committed 17792K, reserved 1064960K
  class space    used 1976K, capacity 2103K, committed 2176K, reserved 1048576K
}
Event: 5.648 GC heap before
{Heap before GC invocations=2 (full 0):
 garbage-first heap   total 131072K, used 20383K [0x0000000080000000, 0x0000000100000000)
  region size 1024K, 14 young (14336K), 10 survivors (10240K)
 Metaspace       used 17634K, capacity 17996K, committed 18048K, reserved 1064960K
  class space    used 2044K, capacity 2176K, committed 2176K, reserved 1048576K
}
Event: 5.659 GC heap after
{Heap after GC invocations=3 (full 0):
 garbage-first heap   total 131072K, used 16561K [0x0000000080000000, 0x0000000100000000)
  region size 1024K, 1 young (1024K), 1 survivors (1024K)
 Metaspace       used 17634K, capacity 17996K, committed 18048K, reserved 1064960K
  class space    used 2044K, capacity 2176K, committed 2176K, reserved 1048576K
}
Event: 6.192 GC heap before
{Heap before GC invocations=3 (full 0):
 garbage-first heap   total 131072K, used 43185K [0x0000000080000000, 0x0000000100000000)
  region size 1024K, 28 young (28672K), 1 survivors (1024K)
 Metaspace       used 20799K, capacity 21193K, committed 21296K, reserved 1069056K
  class space    used 2512K, capacity 2683K, committed 2688K, reserved 1048576K
}
Event: 6.198 GC heap after
{Heap after GC invocations=4 (full 0):
 garbage-first heap   total 131072K, used 17197K [0x0000000080000000, 0x0000000100000000)
  region size 1024K, 2 young (2048K), 2 survivors (2048K)
 Metaspace       used 20799K, capacity 21193K, committed 21296K, reserved 1069056K
  class space    used 2512K, capacity 2683K, committed 2688K, reserved 1048576K
}
Event: 7.381 GC heap before
{Heap before GC invocations=5 (full 0):
 garbage-first heap   total 131072K, used 62253K [0x0000000080000000, 0x0000000100000000)
  region size 1024K, 46 young (47104K), 2 survivors (2048K)
 Metaspace       used 25357K, capacity 25918K, committed 26160K, reserved 1073152K
  class space    used 3237K, capacity 3455K, committed 3456K, reserved 1048576K
}
Event: 7.386 GC heap after
{Heap after GC invocations=6 (full 0):
 garbage-first heap   total 131072K, used 18901K [0x0000000080000000, 0x0000000100000000)
  region size 1024K, 3 young (3072K), 3 survivors (3072K)
 Metaspace       used 25357K, capacity 25918K, committed 26160K, reserved 1073152K
  class space    used 3237K, capacity 3455K, committed 3456K, reserved 1048576K
}

